<?xml version="1.0" encoding="UTF-8"?>
<!-- Generated by org.testng.reporters.JUnitReportReporter -->
<testsuite hostname="LAPTOP-CF7R0JKV" failures="0" tests="6" name="Medicare.Restassured.GetAllMedicine" time="2.756" errors="0" timestamp="2023-12-23T16:37:24 IST" skipped="0">
  <testcase classname="Medicare.Restassured.GetAllMedicine" name="get_all_products" time="2.080"/>
  <system-out/>
  <testcase classname="Medicare.Restassured.GetAllMedicine" name="get_all_users" time="0.040"/>
  <system-out/>
  <testcase classname="Medicare.Restassured.GetAllMedicine" name="add_Product" time="0.556"/>
  <system-out/>
  <testcase classname="Medicare.Restassured.GetAllMedicine" name="update_ProductName" time="0.030"/>
  <system-out/>
  <testcase classname="Medicare.Restassured.GetAllMedicine" name="update_ProductStatus" time="0.022"/>
  <system-out/>
  <testcase classname="Medicare.Restassured.GetAllMedicine" name="deleteProduct" time="0.028"/>
  <system-out/>
</testsuite> <!-- Medicare.Restassured.GetAllMedicine -->
