<?xml version="1.0" encoding="UTF-8"?>
<!-- Generated by org.testng.reporters.JUnitReportReporter -->
<testsuite hostname="LAPTOP-CF7R0JKV" failures="0" tests="3" name="com.medicare.Test.OrderPageTest" time="5.931" errors="0" timestamp="2023-12-23T16:45:20 IST" skipped="0">
  <testcase classname="com.medicare.Test.OrderPageTest" name="test_login" time="5.740"/>
  <system-out/>
  <testcase classname="com.medicare.Test.OrderPageTest" name="test_click_orders" time="0.159"/>
  <system-out/>
  <testcase classname="com.medicare.Test.OrderPageTest" name="test_getTitle_page" time="0.032"/>
  <system-out/>
</testsuite> <!-- com.medicare.Test.OrderPageTest -->
