<?xml version="1.0" encoding="UTF-8"?>
<!-- Generated by org.testng.reporters.JUnitReportReporter -->
<testsuite hostname="LAPTOP-CF7R0JKV" failures="0" tests="5" name="com.medicare.Test.RegisterPageTest" time="7.533" errors="0" timestamp="2023-12-23T16:49:04 IST" skipped="0">
  <testcase classname="com.medicare.Test.RegisterPageTest" name="test_click_register_link" time="1.820"/>
  <system-out/>
  <testcase classname="com.medicare.Test.RegisterPageTest" name="test_getTitle_page" time="0.020"/>
  <system-out/>
  <testcase classname="com.medicare.Test.RegisterPageTest" name="Test_register_user" time="5.623"/>
  <system-out/>
  <testcase classname="com.medicare.Test.RegisterPageTest" name="Test_validate_registration_URL" time="0.017"/>
  <system-out/>
  <testcase classname="com.medicare.Test.RegisterPageTest" name="Test_validate_registration_Text" time="0.053"/>
  <system-out/>
</testsuite> <!-- com.medicare.Test.RegisterPageTest -->
