<?xml version="1.0" encoding="UTF-8"?>
<!-- Generated by org.testng.reporters.JUnitReportReporter -->
<testsuite hostname="LAPTOP-CF7R0JKV" failures="0" tests="4" name="com.medicare.Test.LoginPageTest" time="5.935" errors="0" timestamp="2023-12-23T16:44:45 IST" skipped="0">
  <testcase classname="com.medicare.Test.LoginPageTest" name="test_login" time="5.714"/>
  <system-out/>
  <testcase classname="com.medicare.Test.LoginPageTest" name="test_getTitle_page" time="0.021"/>
  <system-out/>
  <testcase classname="com.medicare.Test.LoginPageTest" name="Test_validate_registration_Text" time="0.047"/>
  <system-out/>
  <testcase classname="com.medicare.Test.LoginPageTest" name="test_click_cart" time="0.153"/>
  <system-out/>
</testsuite> <!-- com.medicare.Test.LoginPageTest -->
