<?xml version="1.0" encoding="UTF-8"?>
<!-- Generated by org.testng.reporters.JUnitReportReporter -->
<testsuite hostname="LAPTOP-CF7R0JKV" failures="0" tests="3" name="com.medicare.Test.HomePageTest" time="1.919" errors="0" timestamp="2023-12-23T16:44:11 IST" skipped="0">
  <testcase classname="com.medicare.Test.HomePageTest" name="test_getTitle_page" time="0.053"/>
  <system-out/>
  <testcase classname="com.medicare.Test.HomePageTest" name="Test_Validate_Text_On_Page" time="0.076"/>
  <system-out/>
  <testcase classname="com.medicare.Test.HomePageTest" name="test_click_register_link" time="1.790"/>
  <system-out/>
</testsuite> <!-- com.medicare.Test.HomePageTest -->
