<?xml version="1.0" encoding="UTF-8"?>
<!-- Generated by org.testng.reporters.JUnitReportReporter -->
<testsuite hostname="LAPTOP-CF7R0JKV" failures="0" tests="3" name="com.medicare.Test.AddToCartTestPage" time="5.778" errors="0" timestamp="2023-12-23T16:43:13 IST" skipped="0">
  <testcase classname="com.medicare.Test.AddToCartTestPage" name="test_login" time="5.616"/>
  <system-out/>
  <testcase classname="com.medicare.Test.AddToCartTestPage" name="test_add_product_to_cart" time="0.106"/>
  <system-out/>
  <testcase classname="com.medicare.Test.AddToCartTestPage" name="test_validate_success_message" time="0.056"/>
  <system-out/>
</testsuite> <!-- com.medicare.Test.AddToCartTestPage -->
